proguard/seeds.txt
com.shuangse.ui.BlueMissingDataActivity
com.shuangse.ui.BlueMissingDataActivity: BlueMissingDataActivity()
com.shuangse.ui.CommonDispActivity
com.shuangse.ui.CommonDispActivity: CommonDispActivity()
com.shuangse.ui.ConditionSearchActivity
com.shuangse.ui.ConditionSearchActivity: ConditionSearchActivity()
com.shuangse.ui.DantuoCombineActivity
com.shuangse.ui.DantuoCombineActivity: DantuoCombineActivity()
com.shuangse.ui.DantuoCombineResultActivity
com.shuangse.ui.DantuoCombineResultActivity: DantuoCombineResultActivity()
com.shuangse.ui.DispItemOpenDataDetailsActivity
com.shuangse.ui.DispItemOpenDataDetailsActivity: DispItemOpenDataDetailsActivity()
com.shuangse.ui.EntryActivity
com.shuangse.ui.EntryActivity: EntryActivity()
com.shuangse.ui.ExperienceActivity
com.shuangse.ui.ExperienceActivity: ExperienceActivity()
com.shuangse.ui.ExperienceListActivity
com.shuangse.ui.ExperienceListActivity: ExperienceListActivity()
com.shuangse.ui.ExperienceShareActivity
com.shuangse.ui.ExperienceShareActivity: ExperienceShareActivity()
com.shuangse.ui.LineBreakLayout
com.shuangse.ui.LineBreakLayout: LineBreakLayout(android.content.Context,android.util.AttributeSet)
com.shuangse.ui.LineBreakLayout: LineBreakLayout(android.content.Context,android.util.AttributeSet,int)
com.shuangse.ui.LineBreakLayout: LineBreakLayout(android.content.Context)
com.shuangse.ui.MainViewActivity
com.shuangse.ui.MainViewActivity: MainViewActivity()
com.shuangse.ui.MyHisActivity
com.shuangse.ui.MyHisActivity: MyHisActivity()
com.shuangse.ui.MyHisDetailActivity
com.shuangse.ui.MyHisDetailActivity: MyHisDetailActivity()
com.shuangse.ui.RecommandHisActivity
com.shuangse.ui.RecommandHisActivity: RecommandHisActivity()
com.shuangse.ui.RedMissingDataActivity
com.shuangse.ui.RedMissingDataActivity: RedMissingDataActivity()
com.shuangse.ui.RedMissingTrendActivity
com.shuangse.ui.RedMissingTrendActivity: RedMissingTrendActivity()
com.shuangse.ui.SettingActivity
com.shuangse.ui.SettingActivity: SettingActivity()
com.shuangse.ui.ShareMyExperienceActivity
com.shuangse.ui.ShareMyExperienceActivity: ShareMyExperienceActivity()
com.shuangse.ui.ShuangseHitSearchActivity
com.shuangse.ui.ShuangseHitSearchActivity: ShuangseHitSearchActivity()
com.shuangse.ui.ShuangseRulesActivity
com.shuangse.ui.ShuangseRulesActivity: ShuangseRulesActivity()
com.shuangse.ui.SmartCombineActivity
com.shuangse.ui.SmartCombineActivity: SmartCombineActivity()
com.shuangse.ui.SmartCombineResultActivity
com.shuangse.ui.SmartCombineResultActivity: SmartCombineResultActivity()
com.shuangse.ui.TwoDScrollView
com.shuangse.ui.TwoDScrollView: TwoDScrollView(android.content.Context)
com.shuangse.ui.TwoDScrollView: TwoDScrollView(android.content.Context,android.util.AttributeSet)
com.shuangse.ui.TwoDScrollView: TwoDScrollView(android.content.Context,android.util.AttributeSet,int)
...
android.support.v4.app.BackStackState
android.support.v4.app.BackStackState: android.os.Parcelable$Creator CREATOR
android.support.v4.app.Fragment$SavedState
android.support.v4.app.Fragment$SavedState: android.os.Parcelable$Creator CREATOR
android.support.v4.app.FragmentActivity
android.support.v4.app.FragmentActivity: FragmentActivity()
android.support.v4.app.FragmentManagerState
android.support.v4.app.FragmentManagerState: android.os.Parcelable$Creator CREATOR
android.support.v4.app.FragmentState
android.support.v4.app.FragmentState: android.os.Parcelable$Creator CREATOR
android.support.v4.app.FragmentTabHost
android.support.v4.app.FragmentTabHost: FragmentTabHost(android.content.Context,android.util.AttributeSet)
android.support.v4.app.FragmentTabHost$SavedState
android.support.v4.app.FragmentTabHost$SavedState: android.os.Parcelable$Creator CREATOR
android.support.v4.content.ModernAsyncTask$Status: android.support.v4.content.ModernAsyncTask$Status[] values()
android.support.v4.content.ModernAsyncTask$Status: android.support.v4.content.ModernAsyncTask$Status valueOf(java.lang.String)
android.support.v4.view.PagerTabStrip
android.support.v4.view.PagerTabStrip: PagerTabStrip(android.content.Context,android.util.AttributeSet)
android.support.v4.view.PagerTitleStrip
android.support.v4.view.PagerTitleStrip: PagerTitleStrip(android.content.Context,android.util.AttributeSet)
android.support.v4.view.ViewPager
android.support.v4.view.ViewPager: ViewPager(android.content.Context)
android.support.v4.view.ViewPager: ViewPager(android.content.Context,android.util.AttributeSet)
android.support.v4.view.ViewPager$LayoutParams
android.support.v4.view.ViewPager$LayoutParams: ViewPager$LayoutParams(android.content.Context,android.util.AttributeSet)
android.support.v4.view.ViewPager$SavedState
android.support.v4.view.ViewPager$SavedState: android.os.Parcelable$Creator CREATOR
com.shuangse.base.ShuangSeToolsSetApplication
com.shuangse.base.ShuangSeToolsSetApplication: ShuangSeToolsSetApplication()
com.shuangse.meta.ExtShuangseCodeItem
com.shuangse.meta.ShuangseCodeItem
com.shuangse.meta.ShuangseCodeItem: android.os.Parcelable$Creator CREATOR