proguard/mapping.txt
com.shuangse.ui.BackgroundCheckThread -> com.shuangse.ui.a:
    com.shuangse.base.ShuangSeToolsSetApplication appContext -> a
    com.shuangse.ui.MainViewActivity mainViewActivity -> b
    void run() -> run
com.shuangse.ui.BaseFragment -> com.shuangse.ui.b:
    boolean isInit -> P
    com.shuangse.base.ShuangSeToolsSetApplication mContext -> Q
    android.view.View onCreateView(android.view.LayoutInflater,android.view.ViewGroup,android.os.Bundle) -> a
    void onAttach(android.app.Activity) -> a
    void onViewCreated(android.view.View,android.os.Bundle) -> a
    void onResume() -> m
    void setUserVisibleHint(boolean) -> b
    void showData() -> A
com.shuangse.ui.BlueMissingDataActivity -> com.shuangse.ui.BlueMissingDataActivity:
    java.lang.String TAG -> a
    android.content.SharedPreferences sharedPreferences -> b
    java.lang.String fromActivity -> c
    android.app.ProgressDialog progDialog -> d
    android.widget.TableLayout dataTable -> e
    com.shuangse.base.ShuangSeToolsSetApplication appContext -> f
    int howManyColumns -> g
    int disp_his_num -> h
    int latestId -> i
    com.shuangse.ui.BlueMissingDataActivity$DataLoadCompletedListener loadCompletedLisneter -> j
    android.widget.ZoomControls zoomControls -> k
    android.view.View$OnClickListener cellClickListener -> l
    android.app.ProgressDialog progressDialog -> m
    void onCreate(android.os.Bundle) -> onCreate
    void onConfigurationChanged(android.content.res.Configuration) -> onConfigurationChanged
    void onPause() -> onPause
    boolean onKeyDown(int,android.view.KeyEvent) -> onKeyDown
    void access$0(com.shuangse.ui.BlueMissingDataActivity,java.lang.String,java.lang.String) -> a
    void access$1(com.shuangse.ui.BlueMissingDataActivity,java.lang.String,java.lang.String) -> b
    java.lang.String access$2(com.shuangse.ui.BlueMissingDataActivity) -> a
    com.shuangse.ui.BlueMissingDataActivity$DataLoadCompletedListener access$3(com.shuangse.ui.BlueMissingDataActivity) -> b
    void access$4(com.shuangse.ui.BlueMissingDataActivity) -> c
    android.app.ProgressDialog access$5(com.shuangse.ui.BlueMissingDataActivity) -> d
com.shuangse.ui.BlueMissingDataActivity$1 -> com.shuangse.ui.c:
    com.shuangse.ui.BlueMissingDataActivity this$0 -> a
    void loadComplete() -> a
com.shuangse.ui.BlueMissingDataActivity$2 -> com.shuangse.ui.d:
    com.shuangse.ui.BlueMissingDataActivity this$0 -> a
    void onClick(android.view.View) -> onClick
com.shuangse.ui.BlueMissingDataActivity$3 -> com.shuangse.ui.e:
    com.shuangse.ui.BlueMissingDataActivity this$0 -> a
    void onClick(android.view.View) -> onClick
com.shuangse.ui.BlueMissingDataActivity$4 -> com.shuangse.ui.f:
    com.shuangse.ui.BlueMissingDataActivity this$0 -> a
    void onClick(android.content.DialogInterface,int) -> onClick
com.shuangse.ui.BlueMissingDataActivity$BlueOPBtnListener -> com.shuangse.ui.g:
    com.shuangse.ui.BlueMissingDataActivity this$0 -> a
    void onClick(android.view.View) -> onClick
com.shuangse.ui.BlueMissingDataActivity$CellOnClickListener -> com.shuangse.ui.h:
    com.shuangse.ui.BlueMissingDataActivity theActivity -> a
    void onClick(android.view.View) -> onClick
com.shuangse.ui.BlueMissingDataActivity$DataLoadCompletedListener -> com.shuangse.ui.i:
    void loadComplete() -> a
com.shuangse.ui.BlueMissingDataActivity$LoadDataAsyncTask -> com.shuangse.ui.j:
    com.shuangse.ui.BlueMissingDataActivity this$0 -> a
    void onPreExecute() -> onPreExecute
    void onPostExecute(java.lang.Object) -> onPostExecute
    java.lang.Object doInBackground(java.lang.Object[]) -> doInBackground
    void onProgressUpdate(java.lang.Object[]) -> onProgressUpdate
    com.shuangse.ui.BlueMissingDataActivity access$3(com.shuangse.ui.BlueMissingDataActivity$LoadDataAsyncTask) -> a
com.shuangse.ui.BlueMissingDataActivity$LoadDataAsyncTask$1 -> com.shuangse.ui.k:
    com.shuangse.ui.BlueMissingDataActivity$LoadDataAsyncTask this$1 -> a
    void run() -> run
...
com.shuangse.base.ShuangSeToolsSetApplication$1 -> com.shuangse.base.a:
    com.shuangse.base.ShuangSeToolsSetApplication this$0 -> a
    void run() -> run
com.shuangse.base.ShuangSeToolsSetApplication$2 -> com.shuangse.base.b:
    com.shuangse.base.ShuangSeToolsSetApplication this$0 -> a
    int compare(java.lang.Object,java.lang.Object) -> compare
com.shuangse.base.ShuangSeToolsSetApplication$3 -> com.shuangse.base.c:
    com.shuangse.base.ShuangSeToolsSetApplication this$0 -> a
    int compare(java.lang.Object,java.lang.Object) -> compare
com.shuangse.base.ShuangSeToolsSetApplication$4 -> com.shuangse.base.d:
    com.shuangse.base.ShuangSeToolsSetApplication this$0 -> a
    int compare(java.lang.Object,java.lang.Object) -> compare
com.shuangse.base.ShuangSeToolsSetApplication$5 -> com.shuangse.base.e:
    com.shuangse.base.ShuangSeToolsSetApplication this$0 -> a
    int compare(java.lang.Object,java.lang.Object) -> compare
com.shuangse.db.DataBaseHelper -> com.shuangse.a.a:
    int currentDBVersion -> a
    java.util.ArrayList dbRecords -> b
    void onCreate(android.database.sqlite.SQLiteDatabase) -> onCreate
    void onUpgrade(android.database.sqlite.SQLiteDatabase,int,int) -> onUpgrade
com.shuangse.db.DataBaseHelper$CombineRecord -> com.shuangse.a.b:
    int itemID -> a
    java.lang.String selectRed -> b
    java.lang.String selectBlue -> c
    int model -> d
    int getoutHisFlag -> e
    int getItemID() -> a
    void setItemID(int) -> a
    java.lang.String getSelectRed() -> b
    void setSelectRed(java.lang.String) -> a
    java.lang.String getSelectBlue() -> c
    void setSelectBlue(java.lang.String) -> b
    int getModel() -> d
    void setModel(int) -> b
    int getGetoutHisFlag() -> e
    void setGetoutHisFlag(int) -> c
com.shuangse.meta.AndroidPhoneInfo -> com.shuangse.meta.a:
    java.lang.String deviceId -> a
    java.lang.String softVersion -> b
    java.lang.String msisdnMdn -> c
    java.lang.String networkOperator -> d
    java.lang.String networkOperatorName -> e
    int networkType -> f
    int phoneType -> g
    java.lang.String simOperator -> h
    java.lang.String simOperatorName -> i
    java.lang.String simSerialNumber -> j
    java.lang.String subscriberId -> k
    java.lang.String apkVersion -> l
    java.lang.String toString() -> toString
    java.lang.String getDeviceId() -> a
    void setDeviceId(java.lang.String) -> a
    java.lang.String getSoftVersion() -> b
    void setSoftVersion(java.lang.String) -> b
    java.lang.String getMsisdnMdn() -> c
    void setMsisdnMdn(java.lang.String) -> c
    java.lang.String getNetworkOperator() -> d
    void setNetworkOperator(java.lang.String) -> d
    java.lang.String getNetworkOperatorName() -> e
    void setNetworkOperatorName(java.lang.String) -> e
    int getNetworkType() -> f
    void setNetworkType(int) -> a
    int getPhoneType() -> g
    void setPhoneType(int) -> b
    java.lang.String getSimOperator() -> h
    void setSimOperator(java.lang.String) -> f
    java.lang.String getSimOperatorName() -> i
    void setSimOperatorName(java.lang.String) -> g
    java.lang.String getSimSerialNumber() -> j
    void setSimSerialNumber(java.lang.String) -> h
    java.lang.String getSubscriberId() -> k
com.shuangse.meta.BaseCodeItem -> com.shuangse.meta.b:
    int[] num -> a
    int length -> b
com.shuangse.meta.CellData -> com.shuangse.meta.c:
    int cellFor -> a
    int num -> b
    int item_id -> c
    int dispNum -> d
    android.graphics.drawable.Drawable dispImg -> e
    boolean ifAllowDoubleClickSel -> f
    android.graphics.drawable.Drawable doubleclickDispImg -> g
    int row -> h
    int col -> i
    int clicked -> j
    int getNum() -> a
    java.lang.String toString() -> toString
    void setClicked(int) -> a
    int isClicked() -> b
    android.graphics.drawable.Drawable getDispImg() -> c
    android.graphics.drawable.Drawable getDoubleclickDispImg() -> d
    boolean isIfAllowDoubleClickSel() -> e
    int getCellFor() -> f