proguard/usage.txt
com.shuangse.ui.BackgroundCheckThread:
    private static final java.lang.String TAG
com.shuangse.ui.BuildConfig
com.shuangse.ui.ConditionSearchActivity:
    private static final int DISPSECTIONCNT
    public static final int INVALID_CONDITION_ID
    public static final int CONDITION_ID_COND1
    public static final int CONDITION_ID_COND2
    public static final int CONDITION_ID_COND3
    public static final int CONDITION_ID_COND4
    public static final int CONDITION_ID_COND5
    public static final int CONDITION_ID_COND6
    public static final int CONDITION_ID_COND7
    public static final int CONDITION_ID_COND8
    public static final int CONDITION_ID_COND9
    public static final int CONDITION_ID_COND10
    public static final int DISPPROGRESSDIALOG
    public static final int HIDEPROGRESSDIALOG
    public static final int DISPRESULTSTR
    public static final int SETBTNTEXT
    public static final int SETTITLETEXT
    public static final int DISPALLTWOCODESSTAT
    public static final int DISPALLTHREECODESSTAT
    public static final int DISPORDERBYOCCCNT
com.shuangse.ui.CustomDefineAlertDialog:
    91:92:public void setTitle(int)
    102:103:public void dismiss()
com.shuangse.ui.DanTuoSearchFragment:
    private static final java.lang.String TAG
    private static final int DANCODE
    private static final int TUOCODE
com.shuangse.ui.DantuoCombineActivity:
    private static final java.lang.String TAG
com.shuangse.ui.DantuoCombineResultActivity:
    private static final java.lang.String TAG
com.shuangse.ui.DispItemOpenDataDetailsActivity:
    private static final java.lang.String TAG
    private static final int QUERYSUCCESSMSG
    private static final int QUERYERRMSG
com.shuangse.ui.EntryActivity:
    private static final java.lang.String TAG
com.shuangse.ui.ExperienceActivity:
    private static final java.lang.String TAG
    private static final int DATALOADEDMSG
    private static final int DATALOADERRMSG
com.shuangse.ui.ExperienceListActivity:
    private static final java.lang.String TAG
    private static final int itemsPerPage
    private static final int titleLength
    private static final int NEWITEMSLOADEDMSG
    private static final int NODATAMSG
    private static final int QUERYERRMSG
com.shuangse.ui.ExperienceShareActivity:
    private static final java.lang.String TAG
    private static final int ViewSwitchCompletedMsg
com.shuangse.ui.ExperienceShareActivity$ExprSharePagerAdapter:
    196:199:public ExperienceShareActivity$ExprSharePagerAdapter(com.shuangse.ui.ExperienceShareActivity,android.support.v4.app.FragmentManager)
com.shuangse.ui.FuShiSearchFragment:
    private static final java.lang.String TAG
com.shuangse.ui.HisDataListFragment:
    private static final java.lang.String TAG
    private static final int itemsPerPage
    private static final int NEWITEMSLOADEDMSG
    private static final int STARTDOWNLOADEDMSG
    private static final int NODATAMSG
    private static final int QUERYERRMSG
    219:230:private void InfoMessageBox(java.lang.String,java.lang.String)
com.shuangse.ui.HisDataListFragment$3
com.shuangse.ui.LineBreakLayout:
    private static final int VIEW_MARGIN
com.shuangse.ui.MainViewActivity:
    private static final java.lang.String TAG
    private static final int DATAISLATESTMSG
    private static final int DATAUPDATESUCCESSMSG
    private static final int DATAUPDATEFAILMSG
    private static final int REGPHONEINFOSUCCESS
    public static final int BACKGROUNDCHECKMSG
    56:56:static synthetic boolean access$4()
com.shuangse.ui.MyHisActivity:
    private static final java.lang.String TAG
com.shuangse.ui.NetworkCommentFragment:
    private static final java.lang.String TAG
    private static final int MailSendCompletedMsg
com.shuangse.ui.R
com.shuangse.ui.R$array
com.shuangse.ui.R$attr
com.shuangse.ui.R$color
com.shuangse.ui.R$dimen
com.shuangse.ui.R$drawable
com.shuangse.ui.R$id
com.shuangse.ui.R$layout
com.shuangse.ui.R$string
com.shuangse.ui.R$style
com.shuangse.ui.R$xml
...
android.support.v4.view.PagerAdapter:
    public static final int POSITION_UNCHANGED
    public static final int POSITION_NONE
android.support.v4.view.PagerTabStrip:
    private static final java.lang.String TAG
    private static final int INDICATOR_HEIGHT
    private static final int MIN_PADDING_BOTTOM
    private static final int TAB_PADDING
    private static final int TAB_SPACING
    private static final int MIN_TEXT_SPACING
    private static final int FULL_UNDERLINE_HEIGHT
    private static final int MIN_STRIP_HEIGHT
    76:77:public PagerTabStrip(android.content.Context)
    129:132:public void setTabIndicatorColor(int)
    140:141:public void setTabIndicatorColorResource(int)
    147:147:public int getTabIndicatorColor()
    197:200:public void setDrawFullUnderline(boolean)
    210:210:public boolean getDrawFullUnderline()
android.support.v4.view.PagerTitleStrip:
    private static final java.lang.String TAG
    private static final float SIDE_ALPHA
    private static final int TEXT_SPACING
    112:113:public PagerTitleStrip(android.content.Context)
    206:211:public void setTextColor(int)
    236:238:public void setGravity(int)
android.support.v4.view.PagerTitleStripIcs:
    26:31:PagerTitleStripIcs()
android.support.v4.view.PagerTitleStripIcs$SingleLineAllCapsTransform:
    private static final java.lang.String TAG
android.support.v4.view.VelocityTrackerCompat:
    25:51:public VelocityTrackerCompat()
    91:91:public static float getYVelocity(android.view.VelocityTracker,int)
android.support.v4.view.VelocityTrackerCompat$BaseVelocityTrackerVersionImpl:
    44:44:public float getYVelocity(android.view.VelocityTracker,int)
android.support.v4.view.VelocityTrackerCompat$HoneycombVelocityTrackerVersionImpl:
    58:58:public float getYVelocity(android.view.VelocityTracker,int)
android.support.v4.view.VelocityTrackerCompat$VelocityTrackerVersionImpl:
    public abstract float getYVelocity(android.view.VelocityTracker,int)
android.support.v4.view.VelocityTrackerCompatHoneycomb:
    24:24:VelocityTrackerCompatHoneycomb()
    29:29:public static float getYVelocity(android.view.VelocityTracker,int)
android.support.v4.view.ViewCompat:
    public static final int OVER_SCROLL_ALWAYS
    public static final int OVER_SCROLL_IF_CONTENT_SCROLLS
    public static final int OVER_SCROLL_NEVER
    private static final long FAKE_FRAME_TIME
    public static final int IMPORTANT_FOR_ACCESSIBILITY_AUTO
    public static final int IMPORTANT_FOR_ACCESSIBILITY_YES
    public static final int IMPORTANT_FOR_ACCESSIBILITY_NO
    public static final int LAYER_TYPE_NONE
    public static final int LAYER_TYPE_SOFTWARE
    public static final int LAYER_TYPE_HARDWARE
    31:308:public ViewCompat()
    358:358:public static boolean canScrollVertically(android.view.View,int)
    387:388:public static void setOverScrollMode(android.view.View,int)
    424:425:public static void onPopulateAccessibilityEvent(android.view.View,android.view.accessibility.AccessibilityEvent)
    457:458:public static void onInitializeAccessibilityEvent(android.view.View,android.view.accessibility.AccessibilityEvent)
    493:494:public static void onInitializeAccessibilityNodeInfo(android.view.View,android.support.v4.view.accessibility.AccessibilityNodeInfoCompat)
    520:520:public static boolean hasTransientState(android.view.View)
    531:532:public static void setHasTransientState(android.view.View,boolean)
    562:563:public static void postInvalidateOnAnimation(android.view.View,int,int,int,int)
    593:594:public static void postOnAnimationDelayed(android.view.View,java.lang.Runnable,long)